[2025-12-01 19:10:12.840] [6630] [HailoRT] [info] [device.cpp:51] [Device] OS Version: Linux 6.12.47+rpt-rpi-2712 #1 SMP PREEMPT Debian 1:6.12.47-1+rpt1 (2025-09-16) aarch64
[2025-12-01 19:10:12.840] [6630] [HailoRT] [info] [control.cpp:113] [control__parse_identify_results] firmware_version is: 4.23.0
[2025-12-01 19:10:12.840] [6630] [HailoRT] [info] [control.cpp:113] [control__parse_identify_results] firmware_version is: 4.23.0
[2025-12-01 19:10:12.904] [6623] [HailoRT] [info] [vdevice.cpp:535] [create] Creating vdevice with params: device_count: 1, scheduling_algorithm: ROUND_ROBIN, multi_process_service: false
[2025-12-01 19:10:12.916] [6623] [HailoRT] [info] [device.cpp:51] [Device] OS Version: Linux 6.12.47+rpt-rpi-2712 #1 SMP PREEMPT Debian 1:6.12.47-1+rpt1 (2025-09-16) aarch64
[2025-12-01 19:10:12.916] [6623] [HailoRT] [info] [control.cpp:113] [control__parse_identify_results] firmware_version is: 4.23.0
[2025-12-01 19:10:12.916] [6623] [HailoRT] [info] [vdevice.cpp:682] [create] VDevice Infos: 0001:01:00.0
[2025-12-01 19:10:12.988] [6623] [HailoRT] [info] [hef.cpp:1994] [get_network_group_and_network_name] No name was given. Addressing all networks of default network_group: yolov8s_pose
[2025-12-01 19:10:12.988] [6623] [HailoRT] [info] [hef.cpp:1994] [get_network_group_and_network_name] No name was given. Addressing all networks of default network_group: yolov8s_pose
[2025-12-01 19:10:13.061] [6623] [HailoRT] [info] [internal_buffer_manager.cpp:77] [print_execution_results] Planned internal buffer memory: CMA=0 CMA-Desc=524288 Pinned=5737984. memory to edge layer usage factor is 0.875
[2025-12-01 19:10:13.061] [6623] [HailoRT] [info] [internal_buffer_manager.cpp:86] [print_execution_results] Default Internal buffer planner executed successfully
[2025-12-01 19:10:13.082] [6623] [HailoRT] [info] [device_internal.cpp:57] [configure] Configuring HEF took 29.953392 milliseconds
[2025-12-01 19:10:13.082] [6623] [HailoRT] [info] [vdevice.cpp:780] [configure] Configuring HEF on VDevice took 30.314333 milliseconds
[2025-12-01 19:10:13.082] [6623] [HailoRT] [info] [infer_model.cpp:417] [configure] Configuring network group 'yolov8s_pose' with params: batch size: 2, power mode: PERFORMANCE, latency: NONE
[2025-12-01 19:10:13.083] [6623] [HailoRT] [info] [multi_io_elements.cpp:754] [create] Created (AsyncHwEl)
[2025-12-01 19:10:13.083] [6623] [HailoRT] [info] [queue_elements.cpp:450] [create] Created (EntryPushQEl0yolov8s_pose/input_layer1 | timeout: 10s)
[2025-12-01 19:10:13.083] [6623] [HailoRT] [info] [filter_elements.cpp:101] [create] Created (PreInferEl1yolov8s_pose/input_layer1 | Reorder - src_order: RGB4, src_shape: (640, 640, 3), dst_order: NHWC, dst_shape: (640, 640, 3))
[2025-12-01 19:10:13.083] [6623] [HailoRT] [info] [queue_elements.cpp:450] [create] Created (PushQEl1yolov8s_pose/input_layer1 | timeout: 10s)
[2025-12-01 19:10:13.083] [6623] [HailoRT] [info] [edge_elements.cpp:187] [create] Created (LastAsyncEl5AsyncHwEl)
[2025-12-01 19:10:13.083] [6623] [HailoRT] [info] [queue_elements.cpp:450] [create] Created (PushQEl6AsyncHwEl | timeout: 10s)
[2025-12-01 19:10:13.083] [6623] [HailoRT] [info] [filter_elements.cpp:372] [create] Created (PostInferEl6AsyncHwEl | Reorder - src_order: FCR, src_shape: (20, 20, 56), dst_order: FCR, dst_shape: (20, 20, 51))
[2025-12-01 19:10:13.083] [6623] [HailoRT] [info] [edge_elements.cpp:187] [create] Created (LastAsyncEl0PostInferEl6AsyncHwEl)
[2025-12-01 19:10:13.083] [6623] [HailoRT] [info] [edge_elements.cpp:187] [create] Created (LastAsyncEl7AsyncHwEl)
[2025-12-01 19:10:13.083] [6623] [HailoRT] [info] [edge_elements.cpp:187] [create] Created (LastAsyncEl0AsyncHwEl)
[2025-12-01 19:10:13.083] [6623] [HailoRT] [info] [edge_elements.cpp:187] [create] Created (LastAsyncEl1AsyncHwEl)
[2025-12-01 19:10:13.083] [6623] [HailoRT] [info] [edge_elements.cpp:187] [create] Created (LastAsyncEl2AsyncHwEl)
[2025-12-01 19:10:13.083] [6623] [HailoRT] [info] [queue_elements.cpp:450] [create] Created (PushQEl3AsyncHwEl | timeout: 10s)
[2025-12-01 19:10:13.083] [6623] [HailoRT] [info] [filter_elements.cpp:372] [create] Created (PostInferEl3AsyncHwEl | Reorder - src_order: FCR, src_shape: (40, 40, 56), dst_order: FCR, dst_shape: (40, 40, 51))
[2025-12-01 19:10:13.083] [6623] [HailoRT] [info] [edge_elements.cpp:187] [create] Created (LastAsyncEl0PostInferEl3AsyncHwEl)
[2025-12-01 19:10:13.083] [6623] [HailoRT] [info] [edge_elements.cpp:187] [create] Created (LastAsyncEl8AsyncHwEl)
[2025-12-01 19:10:13.083] [6623] [HailoRT] [info] [queue_elements.cpp:450] [create] Created (PushQEl4AsyncHwEl | timeout: 10s)
[2025-12-01 19:10:13.083] [6623] [HailoRT] [info] [filter_elements.cpp:372] [create] Created (PostInferEl4AsyncHwEl | Reorder - src_order: FCR, src_shape: (80, 80, 56), dst_order: FCR, dst_shape: (80, 80, 51))
[2025-12-01 19:10:13.083] [6623] [HailoRT] [info] [edge_elements.cpp:187] [create] Created (LastAsyncEl0PostInferEl4AsyncHwEl)
[2025-12-01 19:10:13.083] [6623] [HailoRT] [info] [pipeline.cpp:891] [print_deep_description] EntryPushQEl0yolov8s_pose/input_layer1 | inputs: user | outputs: PreInferEl1yolov8s_pose/input_layer1(running in thread_id: 6670)
[2025-12-01 19:10:13.083] [6623] [HailoRT] [info] [pipeline.cpp:891] [print_deep_description] PreInferEl1yolov8s_pose/input_layer1 | inputs: EntryPushQEl0yolov8s_pose/input_layer1[0] | outputs: PushQEl1yolov8s_pose/input_layer1
[2025-12-01 19:10:13.083] [6623] [HailoRT] [info] [pipeline.cpp:891] [print_deep_description] PushQEl1yolov8s_pose/input_layer1 | inputs: PreInferEl1yolov8s_pose/input_layer1[0] | outputs: AsyncHwEl(running in thread_id: 6671)
[2025-12-01 19:10:13.083] [6623] [HailoRT] [info] [pipeline.cpp:891] [print_deep_description] AsyncHwEl | inputs: PushQEl1yolov8s_pose/input_layer1[0] | outputs: LastAsyncEl0AsyncHwEl LastAsyncEl1AsyncHwEl LastAsyncEl2AsyncHwEl PushQEl3AsyncHwEl PushQEl4AsyncHwEl LastAsyncEl5AsyncHwEl PushQEl6AsyncHwEl LastAsyncEl7AsyncHwEl LastAsyncEl8AsyncHwEl
[2025-12-01 19:10:13.083] [6623] [HailoRT] [info] [pipeline.cpp:891] [print_deep_description] LastAsyncEl0AsyncHwEl | inputs: AsyncHwEl[0] | outputs: user
[2025-12-01 19:10:13.083] [6623] [HailoRT] [info] [pipeline.cpp:891] [print_deep_description] LastAsyncEl1AsyncHwEl | inputs: AsyncHwEl[0] | outputs: user
[2025-12-01 19:10:13.083] [6623] [HailoRT] [info] [pipeline.cpp:891] [print_deep_description] LastAsyncEl2AsyncHwEl | inputs: AsyncHwEl[0] | outputs: user
[2025-12-01 19:10:13.083] [6623] [HailoRT] [info] [pipeline.cpp:891] [print_deep_description] PushQEl3AsyncHwEl | inputs: AsyncHwEl[0] | outputs: PostInferEl3AsyncHwEl(running in thread_id: 6673)
[2025-12-01 19:10:13.084] [6623] [HailoRT] [info] [pipeline.cpp:891] [print_deep_description] PostInferEl3AsyncHwEl | inputs: PushQEl3AsyncHwEl[0] | outputs: LastAsyncEl0PostInferEl3AsyncHwEl
[2025-12-01 19:10:13.084] [6623] [HailoRT] [info] [pipeline.cpp:891] [print_deep_description] LastAsyncEl0PostInferEl3AsyncHwEl | inputs: PostInferEl3AsyncHwEl[0] | outputs: user
[2025-12-01 19:10:13.084] [6623] [HailoRT] [info] [pipeline.cpp:891] [print_deep_description] PushQEl4AsyncHwEl | inputs: AsyncHwEl[0] | outputs: PostInferEl4AsyncHwEl(running in thread_id: 6674)
[2025-12-01 19:10:13.084] [6623] [HailoRT] [info] [pipeline.cpp:891] [print_deep_description] PostInferEl4AsyncHwEl | inputs: PushQEl4AsyncHwEl[0] | outputs: LastAsyncEl0PostInferEl4AsyncHwEl
[2025-12-01 19:10:13.084] [6623] [HailoRT] [info] [pipeline.cpp:891] [print_deep_description] LastAsyncEl0PostInferEl4AsyncHwEl | inputs: PostInferEl4AsyncHwEl[0] | outputs: user
[2025-12-01 19:10:13.084] [6623] [HailoRT] [info] [pipeline.cpp:891] [print_deep_description] LastAsyncEl5AsyncHwEl | inputs: AsyncHwEl[0] | outputs: user
[2025-12-01 19:10:13.084] [6623] [HailoRT] [info] [pipeline.cpp:891] [print_deep_description] PushQEl6AsyncHwEl | inputs: AsyncHwEl[0] | outputs: PostInferEl6AsyncHwEl(running in thread_id: 6672)
[2025-12-01 19:10:13.084] [6623] [HailoRT] [info] [pipeline.cpp:891] [print_deep_description] PostInferEl6AsyncHwEl | inputs: PushQEl6AsyncHwEl[0] | outputs: LastAsyncEl0PostInferEl6AsyncHwEl
[2025-12-01 19:10:13.084] [6623] [HailoRT] [info] [pipeline.cpp:891] [print_deep_description] LastAsyncEl0PostInferEl6AsyncHwEl | inputs: PostInferEl6AsyncHwEl[0] | outputs: user
[2025-12-01 19:10:13.084] [6623] [HailoRT] [info] [pipeline.cpp:891] [print_deep_description] LastAsyncEl7AsyncHwEl | inputs: AsyncHwEl[0] | outputs: user
[2025-12-01 19:10:13.084] [6623] [HailoRT] [info] [pipeline.cpp:891] [print_deep_description] LastAsyncEl8AsyncHwEl | inputs: AsyncHwEl[0] | outputs: user
[2025-12-01 19:10:13.554] [6658] [HailoRT] [info] [hef.cpp:1994] [get_network_group_and_network_name] No name was given. Addressing all networks of default network_group: yolov8s_pose
[2025-12-01 19:10:44.116] [6623] [HailoRT] [info] [async_infer_runner.cpp:86] [shutdown] Pipeline was aborted. Shutting it down
[2025-12-01 19:10:44.116] [6623] [HailoRT] [info] [queue_elements.cpp:570] [execute_deactivate] enqueue() in element PushQEl3AsyncHwEl was aborted, got status = HAILO_SHUTDOWN_EVENT_SIGNALED(57)
[2025-12-01 19:10:44.116] [6623] [HailoRT] [info] [queue_elements.cpp:570] [execute_deactivate] enqueue() in element PushQEl4AsyncHwEl was aborted, got status = HAILO_SHUTDOWN_EVENT_SIGNALED(57)
[2025-12-01 19:10:44.116] [6623] [HailoRT] [info] [queue_elements.cpp:570] [execute_deactivate] enqueue() in element PushQEl6AsyncHwEl was aborted, got status = HAILO_SHUTDOWN_EVENT_SIGNALED(57)
[2025-12-01 19:10:44.116] [6623] [HailoRT] [info] [queue_elements.cpp:570] [execute_deactivate] enqueue() in element PushQEl1yolov8s_pose/input_layer1 was aborted, got status = HAILO_SHUTDOWN_EVENT_SIGNALED(57)
[2025-12-01 19:10:44.116] [6623] [HailoRT] [info] [queue_elements.cpp:570] [execute_deactivate] enqueue() in element EntryPushQEl0yolov8s_pose/input_layer1 was aborted, got status = HAILO_SHUTDOWN_EVENT_SIGNALED(57)
[2025-12-01 19:10:44.116] [6623] [HailoRT] [info] [queue_elements.cpp:46] [~BaseQueueElement] Queue element EntryPushQEl0yolov8s_pose/input_layer1 has 0 frames in his Queue on destruction
[2025-12-01 19:10:44.116] [6623] [HailoRT] [info] [queue_elements.cpp:46] [~BaseQueueElement] Queue element PushQEl1yolov8s_pose/input_layer1 has 0 frames in his Queue on destruction
[2025-12-01 19:10:44.117] [6623] [HailoRT] [info] [queue_elements.cpp:46] [~BaseQueueElement] Queue element PushQEl6AsyncHwEl has 0 frames in his Queue on destruction
[2025-12-01 19:10:44.117] [6623] [HailoRT] [info] [queue_elements.cpp:46] [~BaseQueueElement] Queue element PushQEl3AsyncHwEl has 0 frames in his Queue on destruction
[2025-12-01 19:10:44.117] [6623] [HailoRT] [info] [queue_elements.cpp:46] [~BaseQueueElement] Queue element PushQEl4AsyncHwEl has 0 frames in his Queue on destruction
[2025-12-01 19:12:42.585] [6828] [HailoRT] [info] [device.cpp:51] [Device] OS Version: Linux 6.12.47+rpt-rpi-2712 #1 SMP PREEMPT Debian 1:6.12.47-1+rpt1 (2025-09-16) aarch64
[2025-12-01 19:12:42.585] [6828] [HailoRT] [info] [control.cpp:113] [control__parse_identify_results] firmware_version is: 4.23.0
[2025-12-01 19:12:42.585] [6828] [HailoRT] [info] [control.cpp:113] [control__parse_identify_results] firmware_version is: 4.23.0
[2025-12-01 19:12:42.649] [6821] [HailoRT] [info] [vdevice.cpp:535] [create] Creating vdevice with params: device_count: 1, scheduling_algorithm: ROUND_ROBIN, multi_process_service: false
[2025-12-01 19:12:42.660] [6821] [HailoRT] [info] [device.cpp:51] [Device] OS Version: Linux 6.12.47+rpt-rpi-2712 #1 SMP PREEMPT Debian 1:6.12.47-1+rpt1 (2025-09-16) aarch64
[2025-12-01 19:12:42.660] [6821] [HailoRT] [info] [control.cpp:113] [control__parse_identify_results] firmware_version is: 4.23.0
[2025-12-01 19:12:42.660] [6821] [HailoRT] [info] [vdevice.cpp:682] [create] VDevice Infos: 0001:01:00.0
[2025-12-01 19:12:42.732] [6821] [HailoRT] [info] [hef.cpp:1994] [get_network_group_and_network_name] No name was given. Addressing all networks of default network_group: yolov8s_pose
[2025-12-01 19:12:42.732] [6821] [HailoRT] [info] [hef.cpp:1994] [get_network_group_and_network_name] No name was given. Addressing all networks of default network_group: yolov8s_pose
[2025-12-01 19:12:42.802] [6821] [HailoRT] [info] [internal_buffer_manager.cpp:77] [print_execution_results] Planned internal buffer memory: CMA=0 CMA-Desc=524288 Pinned=5737984. memory to edge layer usage factor is 0.875
[2025-12-01 19:12:42.802] [6821] [HailoRT] [info] [internal_buffer_manager.cpp:86] [print_execution_results] Default Internal buffer planner executed successfully
[2025-12-01 19:12:42.826] [6821] [HailoRT] [info] [device_internal.cpp:57] [configure] Configuring HEF took 31.296773 milliseconds
[2025-12-01 19:12:42.827] [6821] [HailoRT] [info] [vdevice.cpp:780] [configure] Configuring HEF on VDevice took 31.669715 milliseconds
[2025-12-01 19:12:42.827] [6821] [HailoRT] [info] [infer_model.cpp:417] [configure] Configuring network group 'yolov8s_pose' with params: batch size: 2, power mode: PERFORMANCE, latency: NONE
[2025-12-01 19:12:42.827] [6821] [HailoRT] [info] [multi_io_elements.cpp:754] [create] Created (AsyncHwEl)
[2025-12-01 19:12:42.827] [6821] [HailoRT] [info] [queue_elements.cpp:450] [create] Created (EntryPushQEl0yolov8s_pose/input_layer1 | timeout: 10s)
[2025-12-01 19:12:42.827] [6821] [HailoRT] [info] [filter_elements.cpp:101] [create] Created (PreInferEl1yolov8s_pose/input_layer1 | Reorder - src_order: RGB4, src_shape: (640, 640, 3), dst_order: NHWC, dst_shape: (640, 640, 3))
[2025-12-01 19:12:42.827] [6821] [HailoRT] [info] [queue_elements.cpp:450] [create] Created (PushQEl1yolov8s_pose/input_layer1 | timeout: 10s)
[2025-12-01 19:12:42.827] [6821] [HailoRT] [info] [edge_elements.cpp:187] [create] Created (LastAsyncEl5AsyncHwEl)
[2025-12-01 19:12:42.827] [6821] [HailoRT] [info] [queue_elements.cpp:450] [create] Created (PushQEl6AsyncHwEl | timeout: 10s)
[2025-12-01 19:12:42.827] [6821] [HailoRT] [info] [filter_elements.cpp:372] [create] Created (PostInferEl6AsyncHwEl | Reorder - src_order: FCR, src_shape: (20, 20, 56), dst_order: FCR, dst_shape: (20, 20, 51))
[2025-12-01 19:12:42.827] [6821] [HailoRT] [info] [edge_elements.cpp:187] [create] Created (LastAsyncEl0PostInferEl6AsyncHwEl)
[2025-12-01 19:12:42.827] [6821] [HailoRT] [info] [edge_elements.cpp:187] [create] Created (LastAsyncEl7AsyncHwEl)
[2025-12-01 19:12:42.827] [6821] [HailoRT] [info] [edge_elements.cpp:187] [create] Created (LastAsyncEl0AsyncHwEl)
[2025-12-01 19:12:42.827] [6821] [HailoRT] [info] [edge_elements.cpp:187] [create] Created (LastAsyncEl1AsyncHwEl)
[2025-12-01 19:12:42.827] [6821] [HailoRT] [info] [edge_elements.cpp:187] [create] Created (LastAsyncEl2AsyncHwEl)
[2025-12-01 19:12:42.828] [6821] [HailoRT] [info] [queue_elements.cpp:450] [create] Created (PushQEl3AsyncHwEl | timeout: 10s)
[2025-12-01 19:12:42.828] [6821] [HailoRT] [info] [filter_elements.cpp:372] [create] Created (PostInferEl3AsyncHwEl | Reorder - src_order: FCR, src_shape: (40, 40, 56), dst_order: FCR, dst_shape: (40, 40, 51))
[2025-12-01 19:12:42.828] [6821] [HailoRT] [info] [edge_elements.cpp:187] [create] Created (LastAsyncEl0PostInferEl3AsyncHwEl)
[2025-12-01 19:12:42.828] [6821] [HailoRT] [info] [edge_elements.cpp:187] [create] Created (LastAsyncEl8AsyncHwEl)
[2025-12-01 19:12:42.828] [6821] [HailoRT] [info] [queue_elements.cpp:450] [create] Created (PushQEl4AsyncHwEl | timeout: 10s)
[2025-12-01 19:12:42.828] [6821] [HailoRT] [info] [filter_elements.cpp:372] [create] Created (PostInferEl4AsyncHwEl | Reorder - src_order: FCR, src_shape: (80, 80, 56), dst_order: FCR, dst_shape: (80, 80, 51))
[2025-12-01 19:12:42.828] [6821] [HailoRT] [info] [edge_elements.cpp:187] [create] Created (LastAsyncEl0PostInferEl4AsyncHwEl)
[2025-12-01 19:12:42.828] [6821] [HailoRT] [info] [pipeline.cpp:891] [print_deep_description] EntryPushQEl0yolov8s_pose/input_layer1 | inputs: user | outputs: PreInferEl1yolov8s_pose/input_layer1(running in thread_id: 6867)
[2025-12-01 19:12:42.828] [6821] [HailoRT] [info] [pipeline.cpp:891] [print_deep_description] PreInferEl1yolov8s_pose/input_layer1 | inputs: EntryPushQEl0yolov8s_pose/input_layer1[0] | outputs: PushQEl1yolov8s_pose/input_layer1
[2025-12-01 19:12:42.828] [6821] [HailoRT] [info] [pipeline.cpp:891] [print_deep_description] PushQEl1yolov8s_pose/input_layer1 | inputs: PreInferEl1yolov8s_pose/input_layer1[0] | outputs: AsyncHwEl(running in thread_id: 6868)
[2025-12-01 19:12:42.828] [6821] [HailoRT] [info] [pipeline.cpp:891] [print_deep_description] AsyncHwEl | inputs: PushQEl1yolov8s_pose/input_layer1[0] | outputs: LastAsyncEl0AsyncHwEl LastAsyncEl1AsyncHwEl LastAsyncEl2AsyncHwEl PushQEl3AsyncHwEl PushQEl4AsyncHwEl LastAsyncEl5AsyncHwEl PushQEl6AsyncHwEl LastAsyncEl7AsyncHwEl LastAsyncEl8AsyncHwEl
[2025-12-01 19:12:42.828] [6821] [HailoRT] [info] [pipeline.cpp:891] [print_deep_description] LastAsyncEl0AsyncHwEl | inputs: AsyncHwEl[0] | outputs: user
[2025-12-01 19:12:42.828] [6821] [HailoRT] [info] [pipeline.cpp:891] [print_deep_description] LastAsyncEl1AsyncHwEl | inputs: AsyncHwEl[0] | outputs: user
[2025-12-01 19:12:42.828] [6821] [HailoRT] [info] [pipeline.cpp:891] [print_deep_description] LastAsyncEl2AsyncHwEl | inputs: AsyncHwEl[0] | outputs: user
[2025-12-01 19:12:42.828] [6821] [HailoRT] [info] [pipeline.cpp:891] [print_deep_description] PushQEl3AsyncHwEl | inputs: AsyncHwEl[0] | outputs: PostInferEl3AsyncHwEl(running in thread_id: 6870)
[2025-12-01 19:12:42.828] [6821] [HailoRT] [info] [pipeline.cpp:891] [print_deep_description] PostInferEl3AsyncHwEl | inputs: PushQEl3AsyncHwEl[0] | outputs: LastAsyncEl0PostInferEl3AsyncHwEl
[2025-12-01 19:12:42.828] [6821] [HailoRT] [info] [pipeline.cpp:891] [print_deep_description] LastAsyncEl0PostInferEl3AsyncHwEl | inputs: PostInferEl3AsyncHwEl[0] | outputs: user
[2025-12-01 19:12:42.828] [6821] [HailoRT] [info] [pipeline.cpp:891] [print_deep_description] PushQEl4AsyncHwEl | inputs: AsyncHwEl[0] | outputs: PostInferEl4AsyncHwEl(running in thread_id: 6871)
[2025-12-01 19:12:42.828] [6821] [HailoRT] [info] [pipeline.cpp:891] [print_deep_description] PostInferEl4AsyncHwEl | inputs: PushQEl4AsyncHwEl[0] | outputs: LastAsyncEl0PostInferEl4AsyncHwEl
[2025-12-01 19:12:42.828] [6821] [HailoRT] [info] [pipeline.cpp:891] [print_deep_description] LastAsyncEl0PostInferEl4AsyncHwEl | inputs: PostInferEl4AsyncHwEl[0] | outputs: user
[2025-12-01 19:12:42.828] [6821] [HailoRT] [info] [pipeline.cpp:891] [print_deep_description] LastAsyncEl5AsyncHwEl | inputs: AsyncHwEl[0] | outputs: user
[2025-12-01 19:12:42.828] [6821] [HailoRT] [info] [pipeline.cpp:891] [print_deep_description] PushQEl6AsyncHwEl | inputs: AsyncHwEl[0] | outputs: PostInferEl6AsyncHwEl(running in thread_id: 6869)
[2025-12-01 19:12:42.828] [6821] [HailoRT] [info] [pipeline.cpp:891] [print_deep_description] PostInferEl6AsyncHwEl | inputs: PushQEl6AsyncHwEl[0] | outputs: LastAsyncEl0PostInferEl6AsyncHwEl
[2025-12-01 19:12:42.828] [6821] [HailoRT] [info] [pipeline.cpp:891] [print_deep_description] LastAsyncEl0PostInferEl6AsyncHwEl | inputs: PostInferEl6AsyncHwEl[0] | outputs: user
[2025-12-01 19:12:42.828] [6821] [HailoRT] [info] [pipeline.cpp:891] [print_deep_description] LastAsyncEl7AsyncHwEl | inputs: AsyncHwEl[0] | outputs: user
[2025-12-01 19:12:42.828] [6821] [HailoRT] [info] [pipeline.cpp:891] [print_deep_description] LastAsyncEl8AsyncHwEl | inputs: AsyncHwEl[0] | outputs: user
[2025-12-01 19:12:43.290] [6858] [HailoRT] [info] [hef.cpp:1994] [get_network_group_and_network_name] No name was given. Addressing all networks of default network_group: yolov8s_pose
[2025-12-01 19:12:46.047] [6821] [HailoRT] [info] [async_infer_runner.cpp:86] [shutdown] Pipeline was aborted. Shutting it down
[2025-12-01 19:12:46.048] [6821] [HailoRT] [info] [queue_elements.cpp:570] [execute_deactivate] enqueue() in element PushQEl3AsyncHwEl was aborted, got status = HAILO_SHUTDOWN_EVENT_SIGNALED(57)
[2025-12-01 19:12:46.048] [6821] [HailoRT] [info] [queue_elements.cpp:570] [execute_deactivate] enqueue() in element PushQEl4AsyncHwEl was aborted, got status = HAILO_SHUTDOWN_EVENT_SIGNALED(57)
[2025-12-01 19:12:46.048] [6821] [HailoRT] [info] [queue_elements.cpp:570] [execute_deactivate] enqueue() in element PushQEl6AsyncHwEl was aborted, got status = HAILO_SHUTDOWN_EVENT_SIGNALED(57)
[2025-12-01 19:12:46.048] [6821] [HailoRT] [info] [queue_elements.cpp:570] [execute_deactivate] enqueue() in element PushQEl1yolov8s_pose/input_layer1 was aborted, got status = HAILO_SHUTDOWN_EVENT_SIGNALED(57)
[2025-12-01 19:12:46.048] [6821] [HailoRT] [info] [queue_elements.cpp:570] [execute_deactivate] enqueue() in element EntryPushQEl0yolov8s_pose/input_layer1 was aborted, got status = HAILO_SHUTDOWN_EVENT_SIGNALED(57)
[2025-12-01 19:12:46.048] [6821] [HailoRT] [info] [queue_elements.cpp:46] [~BaseQueueElement] Queue element EntryPushQEl0yolov8s_pose/input_layer1 has 0 frames in his Queue on destruction
[2025-12-01 19:12:46.048] [6821] [HailoRT] [info] [queue_elements.cpp:46] [~BaseQueueElement] Queue element PushQEl1yolov8s_pose/input_layer1 has 0 frames in his Queue on destruction
[2025-12-01 19:12:46.048] [6821] [HailoRT] [info] [queue_elements.cpp:46] [~BaseQueueElement] Queue element PushQEl6AsyncHwEl has 0 frames in his Queue on destruction
[2025-12-01 19:12:46.049] [6821] [HailoRT] [info] [queue_elements.cpp:46] [~BaseQueueElement] Queue element PushQEl3AsyncHwEl has 0 frames in his Queue on destruction
[2025-12-01 19:12:46.049] [6821] [HailoRT] [info] [queue_elements.cpp:46] [~BaseQueueElement] Queue element PushQEl4AsyncHwEl has 0 frames in his Queue on destruction
[2025-12-01 19:13:05.460] [6896] [HailoRT] [info] [device.cpp:51] [Device] OS Version: Linux 6.12.47+rpt-rpi-2712 #1 SMP PREEMPT Debian 1:6.12.47-1+rpt1 (2025-09-16) aarch64
[2025-12-01 19:13:05.460] [6896] [HailoRT] [info] [control.cpp:113] [control__parse_identify_results] firmware_version is: 4.23.0
[2025-12-01 19:13:05.460] [6896] [HailoRT] [info] [control.cpp:113] [control__parse_identify_results] firmware_version is: 4.23.0
[2025-12-01 19:13:05.520] [6889] [HailoRT] [info] [vdevice.cpp:535] [create] Creating vdevice with params: device_count: 1, scheduling_algorithm: ROUND_ROBIN, multi_process_service: false
[2025-12-01 19:13:05.532] [6889] [HailoRT] [info] [device.cpp:51] [Device] OS Version: Linux 6.12.47+rpt-rpi-2712 #1 SMP PREEMPT Debian 1:6.12.47-1+rpt1 (2025-09-16) aarch64
[2025-12-01 19:13:05.532] [6889] [HailoRT] [info] [control.cpp:113] [control__parse_identify_results] firmware_version is: 4.23.0
[2025-12-01 19:13:05.532] [6889] [HailoRT] [info] [vdevice.cpp:682] [create] VDevice Infos: 0001:01:00.0
[2025-12-01 19:13:05.604] [6889] [HailoRT] [info] [hef.cpp:1994] [get_network_group_and_network_name] No name was given. Addressing all networks of default network_group: yolov8s_pose
[2025-12-01 19:13:05.604] [6889] [HailoRT] [info] [hef.cpp:1994] [get_network_group_and_network_name] No name was given. Addressing all networks of default network_group: yolov8s_pose
[2025-12-01 19:13:05.825] [6889] [HailoRT] [info] [internal_buffer_manager.cpp:77] [print_execution_results] Planned internal buffer memory: CMA=0 CMA-Desc=524288 Pinned=5737984. memory to edge layer usage factor is 0.875
[2025-12-01 19:13:05.825] [6889] [HailoRT] [info] [internal_buffer_manager.cpp:86] [print_execution_results] Default Internal buffer planner executed successfully
[2025-12-01 19:13:05.850] [6889] [HailoRT] [info] [device_internal.cpp:57] [configure] Configuring HEF took 32.0002 milliseconds
[2025-12-01 19:13:05.851] [6889] [HailoRT] [info] [vdevice.cpp:780] [configure] Configuring HEF on VDevice took 32.354512 milliseconds
[2025-12-01 19:13:05.851] [6889] [HailoRT] [info] [infer_model.cpp:417] [configure] Configuring network group 'yolov8s_pose' with params: batch size: 2, power mode: PERFORMANCE, latency: NONE
[2025-12-01 19:13:05.851] [6889] [HailoRT] [info] [multi_io_elements.cpp:754] [create] Created (AsyncHwEl)
[2025-12-01 19:13:05.851] [6889] [HailoRT] [info] [queue_elements.cpp:450] [create] Created (EntryPushQEl0yolov8s_pose/input_layer1 | timeout: 10s)
[2025-12-01 19:13:05.851] [6889] [HailoRT] [info] [filter_elements.cpp:101] [create] Created (PreInferEl1yolov8s_pose/input_layer1 | Reorder - src_order: RGB4, src_shape: (640, 640, 3), dst_order: NHWC, dst_shape: (640, 640, 3))
[2025-12-01 19:13:05.851] [6889] [HailoRT] [info] [queue_elements.cpp:450] [create] Created (PushQEl1yolov8s_pose/input_layer1 | timeout: 10s)
[2025-12-01 19:13:05.851] [6889] [HailoRT] [info] [edge_elements.cpp:187] [create] Created (LastAsyncEl5AsyncHwEl)
[2025-12-01 19:13:05.851] [6889] [HailoRT] [info] [queue_elements.cpp:450] [create] Created (PushQEl6AsyncHwEl | timeout: 10s)
[2025-12-01 19:13:05.851] [6889] [HailoRT] [info] [filter_elements.cpp:372] [create] Created (PostInferEl6AsyncHwEl | Reorder - src_order: FCR, src_shape: (20, 20, 56), dst_order: FCR, dst_shape: (20, 20, 51))
[2025-12-01 19:13:05.851] [6889] [HailoRT] [info] [edge_elements.cpp:187] [create] Created (LastAsyncEl0PostInferEl6AsyncHwEl)
[2025-12-01 19:13:05.851] [6889] [HailoRT] [info] [edge_elements.cpp:187] [create] Created (LastAsyncEl7AsyncHwEl)
[2025-12-01 19:13:05.851] [6889] [HailoRT] [info] [edge_elements.cpp:187] [create] Created (LastAsyncEl0AsyncHwEl)
[2025-12-01 19:13:05.851] [6889] [HailoRT] [info] [edge_elements.cpp:187] [create] Created (LastAsyncEl1AsyncHwEl)
[2025-12-01 19:13:05.851] [6889] [HailoRT] [info] [edge_elements.cpp:187] [create] Created (LastAsyncEl2AsyncHwEl)
[2025-12-01 19:13:05.851] [6889] [HailoRT] [info] [queue_elements.cpp:450] [create] Created (PushQEl3AsyncHwEl | timeout: 10s)
[2025-12-01 19:13:05.851] [6889] [HailoRT] [info] [filter_elements.cpp:372] [create] Created (PostInferEl3AsyncHwEl | Reorder - src_order: FCR, src_shape: (40, 40, 56), dst_order: FCR, dst_shape: (40, 40, 51))
[2025-12-01 19:13:05.851] [6889] [HailoRT] [info] [edge_elements.cpp:187] [create] Created (LastAsyncEl0PostInferEl3AsyncHwEl)
[2025-12-01 19:13:05.851] [6889] [HailoRT] [info] [edge_elements.cpp:187] [create] Created (LastAsyncEl8AsyncHwEl)
[2025-12-01 19:13:05.852] [6889] [HailoRT] [info] [queue_elements.cpp:450] [create] Created (PushQEl4AsyncHwEl | timeout: 10s)
[2025-12-01 19:13:05.852] [6889] [HailoRT] [info] [filter_elements.cpp:372] [create] Created (PostInferEl4AsyncHwEl | Reorder - src_order: FCR, src_shape: (80, 80, 56), dst_order: FCR, dst_shape: (80, 80, 51))
[2025-12-01 19:13:05.852] [6889] [HailoRT] [info] [edge_elements.cpp:187] [create] Created (LastAsyncEl0PostInferEl4AsyncHwEl)
[2025-12-01 19:13:05.852] [6889] [HailoRT] [info] [pipeline.cpp:891] [print_deep_description] EntryPushQEl0yolov8s_pose/input_layer1 | inputs: user | outputs: PreInferEl1yolov8s_pose/input_layer1(running in thread_id: 6944)
[2025-12-01 19:13:05.852] [6889] [HailoRT] [info] [pipeline.cpp:891] [print_deep_description] PreInferEl1yolov8s_pose/input_layer1 | inputs: EntryPushQEl0yolov8s_pose/input_layer1[0] | outputs: PushQEl1yolov8s_pose/input_layer1
[2025-12-01 19:13:05.852] [6889] [HailoRT] [info] [pipeline.cpp:891] [print_deep_description] PushQEl1yolov8s_pose/input_layer1 | inputs: PreInferEl1yolov8s_pose/input_layer1[0] | outputs: AsyncHwEl(running in thread_id: 6945)
[2025-12-01 19:13:05.852] [6889] [HailoRT] [info] [pipeline.cpp:891] [print_deep_description] AsyncHwEl | inputs: PushQEl1yolov8s_pose/input_layer1[0] | outputs: LastAsyncEl0AsyncHwEl LastAsyncEl1AsyncHwEl LastAsyncEl2AsyncHwEl PushQEl3AsyncHwEl PushQEl4AsyncHwEl LastAsyncEl5AsyncHwEl PushQEl6AsyncHwEl LastAsyncEl7AsyncHwEl LastAsyncEl8AsyncHwEl
[2025-12-01 19:13:05.852] [6889] [HailoRT] [info] [pipeline.cpp:891] [print_deep_description] LastAsyncEl0AsyncHwEl | inputs: AsyncHwEl[0] | outputs: user
[2025-12-01 19:13:05.852] [6889] [HailoRT] [info] [pipeline.cpp:891] [print_deep_description] LastAsyncEl1AsyncHwEl | inputs: AsyncHwEl[0] | outputs: user
[2025-12-01 19:13:05.852] [6889] [HailoRT] [info] [pipeline.cpp:891] [print_deep_description] LastAsyncEl2AsyncHwEl | inputs: AsyncHwEl[0] | outputs: user
[2025-12-01 19:13:05.852] [6889] [HailoRT] [info] [pipeline.cpp:891] [print_deep_description] PushQEl3AsyncHwEl | inputs: AsyncHwEl[0] | outputs: PostInferEl3AsyncHwEl(running in thread_id: 6947)
[2025-12-01 19:13:05.852] [6889] [HailoRT] [info] [pipeline.cpp:891] [print_deep_description] PostInferEl3AsyncHwEl | inputs: PushQEl3AsyncHwEl[0] | outputs: LastAsyncEl0PostInferEl3AsyncHwEl
[2025-12-01 19:13:05.852] [6889] [HailoRT] [info] [pipeline.cpp:891] [print_deep_description] LastAsyncEl0PostInferEl3AsyncHwEl | inputs: PostInferEl3AsyncHwEl[0] | outputs: user
[2025-12-01 19:13:05.852] [6889] [HailoRT] [info] [pipeline.cpp:891] [print_deep_description] PushQEl4AsyncHwEl | inputs: AsyncHwEl[0] | outputs: PostInferEl4AsyncHwEl(running in thread_id: 6948)
[2025-12-01 19:13:05.852] [6889] [HailoRT] [info] [pipeline.cpp:891] [print_deep_description] PostInferEl4AsyncHwEl | inputs: PushQEl4AsyncHwEl[0] | outputs: LastAsyncEl0PostInferEl4AsyncHwEl
[2025-12-01 19:13:05.852] [6889] [HailoRT] [info] [pipeline.cpp:891] [print_deep_description] LastAsyncEl0PostInferEl4AsyncHwEl | inputs: PostInferEl4AsyncHwEl[0] | outputs: user
[2025-12-01 19:13:05.852] [6889] [HailoRT] [info] [pipeline.cpp:891] [print_deep_description] LastAsyncEl5AsyncHwEl | inputs: AsyncHwEl[0] | outputs: user
[2025-12-01 19:13:05.852] [6889] [HailoRT] [info] [pipeline.cpp:891] [print_deep_description] PushQEl6AsyncHwEl | inputs: AsyncHwEl[0] | outputs: PostInferEl6AsyncHwEl(running in thread_id: 6946)
[2025-12-01 19:13:05.852] [6889] [HailoRT] [info] [pipeline.cpp:891] [print_deep_description] PostInferEl6AsyncHwEl | inputs: PushQEl6AsyncHwEl[0] | outputs: LastAsyncEl0PostInferEl6AsyncHwEl
[2025-12-01 19:13:05.852] [6889] [HailoRT] [info] [pipeline.cpp:891] [print_deep_description] LastAsyncEl0PostInferEl6AsyncHwEl | inputs: PostInferEl6AsyncHwEl[0] | outputs: user
[2025-12-01 19:13:05.852] [6889] [HailoRT] [info] [pipeline.cpp:891] [print_deep_description] LastAsyncEl7AsyncHwEl | inputs: AsyncHwEl[0] | outputs: user
[2025-12-01 19:13:05.852] [6889] [HailoRT] [info] [pipeline.cpp:891] [print_deep_description] LastAsyncEl8AsyncHwEl | inputs: AsyncHwEl[0] | outputs: user
[2025-12-01 19:13:06.145] [6935] [HailoRT] [info] [hef.cpp:1994] [get_network_group_and_network_name] No name was given. Addressing all networks of default network_group: yolov8s_pose
